TN:
SF:E:\Academics\Desktop\Web3\lottery_dapp\contracts\Raffle.sol
FN:54,constructor
FN:66,enterRaffle
FN:90,checkUpkeep
FN:115,performUpkeep
FN:146,fulfillRandomWords
FN:166,getEntranceFee
FN:170,getPlayer
FN:174,getRecentWinner
FN:178,getRaffleState
FN:183,getNumWords
FN:187,getNumberOfPlayers
FN:191,getLastTimeStamp
FN:195,getRequestConfirmations
FN:199,getInterval
FNF:14
FNH:8
FNDA:3,constructor
FNDA:5,enterRaffle
FNDA:1,checkUpkeep
FNDA:1,performUpkeep
FNDA:0,fulfillRandomWords
FNDA:5,getEntranceFee
FNDA:1,getPlayer
FNDA:0,getRecentWinner
FNDA:1,getRaffleState
FNDA:0,getNumWords
FNDA:0,getNumberOfPlayers
FNDA:0,getLastTimeStamp
FNDA:0,getRequestConfirmations
FNDA:6,getInterval
DA:55,3
DA:56,3
DA:57,3
DA:58,3
DA:59,3
DA:60,3
DA:61,3
DA:62,3
DA:68,5
DA:69,1
DA:72,4
DA:73,1
DA:76,3
DA:78,3
DA:101,1
DA:106,1
DA:107,1
DA:108,1
DA:110,1
DA:111,1
DA:118,1
DA:120,1
DA:121,0
DA:132,1
DA:135,1
DA:143,1
DA:151,0
DA:152,0
DA:153,0
DA:154,0
DA:155,0
DA:157,0
DA:159,0
DA:160,0
DA:161,0
DA:163,0
DA:167,5
DA:171,1
DA:175,0
DA:179,1
DA:184,0
DA:188,0
DA:192,0
DA:196,0
DA:200,6
LF:45
LH:29
BRDA:68,1,0,1
BRDA:68,1,1,4
BRDA:72,2,0,1
BRDA:72,2,1,3
BRDA:120,3,0,0
BRDA:120,3,1,1
BRDA:160,4,0,0
BRDA:160,4,1,0
BRF:8
BRH:5
end_of_record
TN:
SF:E:\Academics\Desktop\Web3\lottery_dapp\contracts\test\VRFCoordinatorV2Mock.sol.sol
FNF:0
FNH:0
LF:0
LH:0
BRF:0
BRH:0
end_of_record
