{"contracts\\Raffle.sol":{"l":{"55":3,"56":3,"57":3,"58":3,"59":3,"60":3,"61":3,"62":3,"68":5,"69":1,"72":4,"73":1,"76":3,"78":3,"101":1,"106":1,"107":1,"108":1,"110":1,"111":1,"118":1,"120":1,"121":0,"132":1,"135":1,"143":1,"151":0,"152":0,"153":0,"154":0,"155":0,"157":0,"159":0,"160":0,"161":0,"163":0,"167":5,"171":1,"175":0,"179":1,"184":0,"188":0,"192":0,"196":0,"200":6},"path":"E:\\Academics\\Desktop\\Web3\\lottery_dapp\\contracts\\Raffle.sol","s":{"1":5,"2":4,"3":3,"4":3,"5":1,"6":1,"7":1,"8":1,"9":1,"10":1,"11":1,"12":1,"13":1,"14":0,"15":0,"16":0,"17":0,"18":0,"19":5,"20":1,"21":0,"22":1,"23":0,"24":0,"25":0,"26":0,"27":6},"b":{"1":[1,4],"2":[1,3],"3":[0,1],"4":[0,0]},"f":{"1":3,"2":5,"3":1,"4":1,"5":0,"6":5,"7":1,"8":0,"9":1,"10":0,"11":0,"12":0,"13":0,"14":6},"fnMap":{"1":{"name":"constructor","line":54,"loc":{"start":{"line":47,"column":4},"end":{"line":63,"column":4}}},"2":{"name":"enterRaffle","line":66,"loc":{"start":{"line":66,"column":4},"end":{"line":79,"column":4}}},"3":{"name":"checkUpkeep","line":90,"loc":{"start":{"line":90,"column":4},"end":{"line":112,"column":4}}},"4":{"name":"performUpkeep","line":115,"loc":{"start":{"line":115,"column":4},"end":{"line":144,"column":4}}},"5":{"name":"fulfillRandomWords","line":146,"loc":{"start":{"line":146,"column":4},"end":{"line":164,"column":4}}},"6":{"name":"getEntranceFee","line":166,"loc":{"start":{"line":166,"column":4},"end":{"line":168,"column":4}}},"7":{"name":"getPlayer","line":170,"loc":{"start":{"line":170,"column":4},"end":{"line":172,"column":4}}},"8":{"name":"getRecentWinner","line":174,"loc":{"start":{"line":174,"column":4},"end":{"line":176,"column":4}}},"9":{"name":"getRaffleState","line":178,"loc":{"start":{"line":178,"column":4},"end":{"line":180,"column":4}}},"10":{"name":"getNumWords","line":183,"loc":{"start":{"line":183,"column":4},"end":{"line":185,"column":4}}},"11":{"name":"getNumberOfPlayers","line":187,"loc":{"start":{"line":187,"column":4},"end":{"line":189,"column":4}}},"12":{"name":"getLastTimeStamp","line":191,"loc":{"start":{"line":191,"column":4},"end":{"line":193,"column":4}}},"13":{"name":"getRequestConfirmations","line":195,"loc":{"start":{"line":195,"column":4},"end":{"line":197,"column":4}}},"14":{"name":"getInterval","line":199,"loc":{"start":{"line":199,"column":4},"end":{"line":201,"column":4}}}},"statementMap":{"1":{"start":{"line":68,"column":8},"end":{"line":68,"column":2539}},"2":{"start":{"line":72,"column":8},"end":{"line":72,"column":2645}},"3":{"start":{"line":76,"column":8},"end":{"line":76,"column":42}},"4":{"start":{"line":78,"column":8},"end":{"line":78,"column":36}},"5":{"start":{"line":101,"column":8},"end":{"line":101,"column":57}},"6":{"start":{"line":106,"column":8},"end":{"line":106,"column":76}},"7":{"start":{"line":107,"column":8},"end":{"line":107,"column":48}},"8":{"start":{"line":108,"column":8},"end":{"line":108,"column":51}},"9":{"start":{"line":111,"column":8},"end":{"line":111,"column":36}},"10":{"start":{"line":118,"column":8},"end":{"line":118,"column":47}},"11":{"start":{"line":120,"column":8},"end":{"line":120,"column":4209}},"12":{"start":{"line":135,"column":8},"end":{"line":135,"column":4646}},"13":{"start":{"line":143,"column":8},"end":{"line":143,"column":45}},"14":{"start":{"line":151,"column":8},"end":{"line":151,"column":65}},"15":{"start":{"line":152,"column":8},"end":{"line":152,"column":63}},"16":{"start":{"line":159,"column":8},"end":{"line":159,"column":78}},"17":{"start":{"line":160,"column":8},"end":{"line":160,"column":5590}},"18":{"start":{"line":163,"column":8},"end":{"line":163,"column":39}},"19":{"start":{"line":167,"column":8},"end":{"line":167,"column":28}},"20":{"start":{"line":171,"column":8},"end":{"line":171,"column":31}},"21":{"start":{"line":175,"column":8},"end":{"line":175,"column":29}},"22":{"start":{"line":179,"column":8},"end":{"line":179,"column":28}},"23":{"start":{"line":184,"column":8},"end":{"line":184,"column":24}},"24":{"start":{"line":188,"column":8},"end":{"line":188,"column":31}},"25":{"start":{"line":192,"column":8},"end":{"line":192,"column":30}},"26":{"start":{"line":196,"column":8},"end":{"line":196,"column":36}},"27":{"start":{"line":200,"column":8},"end":{"line":200,"column":25}}},"branchMap":{"1":{"line":68,"type":"if","locations":[{"start":{"line":68,"column":8},"end":{"line":68,"column":8}},{"start":{"line":68,"column":8},"end":{"line":68,"column":8}}]},"2":{"line":72,"type":"if","locations":[{"start":{"line":72,"column":8},"end":{"line":72,"column":8}},{"start":{"line":72,"column":8},"end":{"line":72,"column":8}}]},"3":{"line":120,"type":"if","locations":[{"start":{"line":120,"column":8},"end":{"line":120,"column":8}},{"start":{"line":120,"column":8},"end":{"line":120,"column":8}}]},"4":{"line":160,"type":"if","locations":[{"start":{"line":160,"column":8},"end":{"line":160,"column":8}},{"start":{"line":160,"column":8},"end":{"line":160,"column":8}}]}}},"contracts\\test\\VRFCoordinatorV2Mock.sol.sol":{"l":{},"path":"E:\\Academics\\Desktop\\Web3\\lottery_dapp\\contracts\\test\\VRFCoordinatorV2Mock.sol.sol","s":{},"b":{},"f":{},"fnMap":{},"statementMap":{},"branchMap":{}}}